2026-05-06 14:51:57,668 - app.services.preprocessing - INFO - Loading data from data\uploads\Buyers - Sheet1.xlsx
2026-05-06 14:54:27,889 - app.services.preprocessing - INFO - Loading data from data\uploads\Buyers - Sheet1.xlsx
2026-05-06 14:56:39,379 - app.services.preprocessing - INFO - Loading data from data\uploads\time_series_sales_dataset.xlsx
2026-05-06 14:56:41,194 - app.services.preprocessing - INFO - Processing data for states: <StringArray>
['Delhi', 'Karnataka', 'Maharashtra', 'Tamil Nadu', 'Telangana']
Length: 5, dtype: str
2026-05-06 14:56:41,237 - app.services.preprocessing - INFO - Preprocessing completed successfully.
2026-05-06 14:56:41,238 - app.services.feature_engineering - INFO - Starting feature engineering...
2026-05-06 14:56:42,049 - app.services.feature_engineering - INFO - Feature engineering completed.
2026-05-06 14:56:42,054 - app.services.trainer - INFO - Starting training for state: Delhi
2026-05-06 14:56:42,056 - app.services.trainer - INFO - [Delhi] Training SARIMA...
2026-05-06 14:56:42,056 - app.models.sarima_model - INFO - Training SARIMA model...
2026-05-06 14:57:39,624 - app.models.sarima_model - INFO - SARIMA training complete.
2026-05-06 14:57:39,664 - app.services.trainer - INFO - [Delhi] SARIMA metrics: {'MAE': 307.4854099976888, 'RMSE': 596.2296216233735, 'MAPE': 704727349616.3564, 'preds': array([3949.19206416, 3982.98090014, 4006.90702797, 3964.5097546 ,
       3941.45593927, 3969.62556383, 3922.41120718, 3945.37407059,
       3953.40088017, 3959.30392385, 3946.47315785, 3925.09175985,
       3942.83101827, 3922.35900798, 3928.39988438, 3926.90095435,
       3925.50702126, 3924.21073029, 3923.00524182, 3921.88419532,
       3920.84167581, 3919.87218262, 3918.97060042, 3918.13217219,
       3917.35247412, 3916.62739228, 3915.95310092, 3915.32604227,
       3914.74290778, 3914.20062066, 3913.69631962, 3913.22734382,
       3912.79121881, 3912.38564345, 3912.00847781, 3911.65773183,
       3911.33155489, 3911.02822596, 3910.7461446 , 3910.48382245,
       3910.23987542, 3910.01301638, 3909.80204834, 3909.60585818,
       3909.42341073, 3909.25374335, 3909.09596081, 3908.94923062,
       3908.81277857, 3908.6858847 , 3908.56787949, 3908.45814029,
       3908.3560881 , 3908.26118446, 3908.17292862, 3908.09085491])}
2026-05-06 14:57:39,665 - app.services.trainer - INFO - [Delhi] Training Prophet...
2026-05-06 14:57:39,666 - app.models.prophet_model - INFO - Training Prophet model...
2026-05-06 14:57:41,583 - app.models.prophet_model - INFO - Prophet training complete.
2026-05-06 14:57:41,853 - app.services.trainer - INFO - [Delhi] Prophet metrics: {'MAE': 222.5001278380719, 'RMSE': 596.4721663643468, 'MAPE': 766090759170.0232, 'preds': array([3875.27764857, 3935.37652864, 4170.63920682, 4250.89971308,
       3958.33049292, 3986.81497899, 3955.74196891, 3929.83027843,
       3985.22341473, 4215.30526479, 4290.10825135, 3992.004959  ,
       4015.07399338, 3978.88789209, 3948.33176668, 3999.69261513,
       4226.47047244, 4298.78299714, 3999.05461022, 4021.38102695,
       3985.31704073, 3955.69623889, 4008.72255135, 4237.78472333,
       4312.86519776, 4017.40396522, 4041.8209487 , 4009.00589342,
       3982.448723  , 4038.18555286, 4269.44992534, 4346.08763772,
       4050.25634457, 4075.80041762, 4042.04856661, 4039.10861134,
       4066.63663108, 4294.31837825, 4366.62241252, 4065.8275384 ,
       4085.92801541, 4046.42650422, 4012.1571741 , 4082.0521471 ,
       4281.58834116, 4348.928016  , 4043.87431836, 4060.60233768,
       4018.77168258, 3983.34323255, 4030.66661726, 4254.28962752,
       4324.3611944 , 4023.31909346, 4045.25325568, 4009.69258496])}
2026-05-06 14:57:41,853 - app.services.trainer - INFO - [Delhi] Training XGBoost...
2026-05-06 14:57:41,853 - app.models.xgboost_model - INFO - Training XGBoost model...
2026-05-06 14:57:42,168 - app.models.xgboost_model - INFO - XGBoost training complete.
2026-05-06 14:57:43,101 - app.services.trainer - INFO - [Delhi] XGBoost metrics: {'MAE': 275.4766845703125, 'RMSE': 606.4941360230379, 'MAPE': 748503853934.1815, 'preds': array([3866.611 , 3879.2341, 4122.839 , 4063.5942, 3922.4924, 3904.9368,
       3870.1523, 3950.4143, 3970.2114, 4186.1177, 4191.6216, 3842.2551,
       3884.2378, 3913.5537, 3877.296 , 3959.0818, 4111.0015, 4164.5547,
       3918.032 , 3891.2834, 3888.0952, 3924.469 , 3994.3916, 4146.556 ,
       4073.7632, 3853.977 , 3891.3398, 3871.7104, 3916.4849, 3926.1572,
       4113.2163, 4094.3806, 3883.8198, 3899.2551, 3901.4358, 3869.9556,
       3917.0723, 4124.8955, 4127.513 , 3874.5212, 3874.2585, 3826.4558,
       3820.61  , 3846.8696, 4211.76  , 4076.0308, 3858.5999, 3894.14  ,
       3999.7207, 4003.4998, 3921.5771, 4097.8364, 4128.2173, 3883.4724,
       3848.4426, 3965.313 ], dtype=float32)}
2026-05-06 14:57:43,103 - app.services.trainer - INFO - [Delhi] Training LSTM...
2026-05-06 14:57:43,103 - app.models.lstm_model - INFO - Training LSTM model...
2026-05-06 14:57:56,338 - app.models.lstm_model - INFO - LSTM training complete.
2026-05-06 14:58:01,789 - app.services.trainer - INFO - [Delhi] LSTM metrics: {'MAE': 286.83052847215106, 'RMSE': 589.4206978344407, 'MAPE': 710010057091.7461, 'preds': array([3992.26434755, 3990.69828701, 3989.6498518 , 3988.5165081 ,
       3986.15357351, 3984.2602725 , 3981.67557383, 3980.81277704,
       3979.06371498, 3977.57781649, 3976.05631971, 3974.75764179,
       3972.42898703, 3970.57603073, 3969.44716978, 3968.62946415,
       3967.81492281, 3966.97585821, 3965.31513262, 3963.16657877,
       3961.93435097, 3960.73429346, 3959.4279685 , 3958.83097219,
       3957.65912962, 3956.10203457, 3954.32871294, 3953.10597801,
       3952.63291645, 3951.4808507 , 3951.07028389, 3950.22304487,
       3949.40402079, 3948.6111021 , 3947.84428883, 3947.10621786,
       3946.39346123, 3945.70681   , 3945.0425725 , 3944.40048504,
       3943.78160238, 3943.18276024, 3942.60474968, 3942.04888916,
       3941.51359653, 3940.9959712 , 3940.49522209, 3940.00976706,
       3939.54092455, 3939.09054041, 3938.65703249, 3938.2401371 ,
       3937.8380084 , 3937.44880056, 3937.07224989, 3936.70993853])}
2026-05-06 14:58:01,790 - app.services.trainer - INFO - [Delhi] Best model selected: LSTM with metrics {'MAE': 286.83052847215106, 'RMSE': 589.4206978344407, 'MAPE': 710010057091.7461, 'preds': array([3992.26434755, 3990.69828701, 3989.6498518 , 3988.5165081 ,
       3986.15357351, 3984.2602725 , 3981.67557383, 3980.81277704,
       3979.06371498, 3977.57781649, 3976.05631971, 3974.75764179,
       3972.42898703, 3970.57603073, 3969.44716978, 3968.62946415,
       3967.81492281, 3966.97585821, 3965.31513262, 3963.16657877,
       3961.93435097, 3960.73429346, 3959.4279685 , 3958.83097219,
       3957.65912962, 3956.10203457, 3954.32871294, 3953.10597801,
       3952.63291645, 3951.4808507 , 3951.07028389, 3950.22304487,
       3949.40402079, 3948.6111021 , 3947.84428883, 3947.10621786,
       3946.39346123, 3945.70681   , 3945.0425725 , 3944.40048504,
       3943.78160238, 3943.18276024, 3942.60474968, 3942.04888916,
       3941.51359653, 3940.9959712 , 3940.49522209, 3940.00976706,
       3939.54092455, 3939.09054041, 3938.65703249, 3938.2401371 ,
       3937.8380084 , 3937.44880056, 3937.07224989, 3936.70993853])}
2026-05-06 14:58:04,129 - app.utils.helpers - INFO - Model registry updated for state: Delhi
2026-05-06 14:58:04,136 - app.services.trainer - INFO - Starting training for state: Karnataka
2026-05-06 14:58:04,138 - app.services.trainer - INFO - [Karnataka] Training SARIMA...
2026-05-06 14:58:04,138 - app.models.sarima_model - INFO - Training SARIMA model...
2026-05-06 14:58:31,920 - app.models.sarima_model - INFO - SARIMA training complete.
2026-05-06 14:58:31,924 - app.services.trainer - INFO - [Karnataka] SARIMA metrics: {'MAE': 321.0706719132574, 'RMSE': 772.5542739363482, 'MAPE': 959728489093.2811, 'preds': array([5395.95653672, 5378.69622337, 5401.7468896 , 5401.24789388,
       5370.17565645, 5383.97838525, 5380.46904195, 5384.26503878,
       5372.6949682 , 5384.87218485, 5393.09161114, 5378.5654805 ,
       5375.31749305, 5375.65759752, 5375.62198433, 5373.99847862,
       5375.99320195, 5376.39961671, 5373.81076666, 5374.44662035,
       5374.2592083 , 5374.47953892, 5373.71618195, 5374.53475545,
       5375.03745886, 5374.04989075, 5373.89345575, 5373.90343226,
       5373.91302533, 5373.77752674, 5373.93768285, 5373.98811828,
       5373.78422521, 5373.81315659, 5373.80271432, 5373.81612085,
       5373.76425255, 5373.8206601 , 5373.85276135, 5373.78414278,
       5373.77651854, 5373.7765491 , 5373.77782124, 5373.7671401 ,
       5373.77950527, 5373.78415916, 5373.76858644, 5373.76987598,
       5373.76926631, 5373.77011855, 5373.76651608, 5373.77047353,
       5373.77259939, 5373.7677571 , 5373.76737913, 5373.76734861])}
2026-05-06 14:58:31,924 - app.services.trainer - INFO - [Karnataka] Training Prophet...
2026-05-06 14:58:31,924 - app.models.prophet_model - INFO - Training Prophet model...
2026-05-06 14:58:32,212 - app.models.prophet_model - INFO - Prophet training complete.
2026-05-06 14:58:32,332 - app.services.trainer - INFO - [Karnataka] Prophet metrics: {'MAE': 231.62687437678116, 'RMSE': 749.0061300627615, 'MAPE': 977017639490.5267, 'preds': array([5364.00414292, 5384.31095967, 5765.32894166, 5799.56042359,
       5355.48911519, 5531.53050811, 5568.83294016, 5484.90315728,
       5500.60459408, 5874.55794236, 5899.44889143, 5444.00321397,
       5606.9302918 , 5629.71589464, 5530.23829509, 5529.7562158 ,
       5887.29847815, 5895.96055128, 5424.86849725, 5573.11172484,
       5582.52567152, 5471.29878115, 5460.95252871, 5810.72457917,
       5813.86045403, 5283.23288165, 5486.98044006, 5497.87626745,
       5390.35178281, 5385.77347328, 5743.17306376, 5755.54613849,
       5291.82106008, 5450.79941747, 5473.94886181, 5427.93015598,
       5387.05227063, 5756.74875152, 5780.80762516, 5327.88759898,
       5496.55796283, 5528.09736579, 5440.11754579, 5397.63199576,
       5827.09690434, 5853.43595552, 5401.29796615, 5569.35960921,
       5599.04729633, 5508.15449969, 5517.83121807, 5886.97540989,
       5908.53154437, 5451.45671841, 5614.65570567, 5639.76601336])}
2026-05-06 14:58:32,332 - app.services.trainer - INFO - [Karnataka] Training XGBoost...
2026-05-06 14:58:32,332 - app.models.xgboost_model - INFO - Training XGBoost model...
2026-05-06 14:58:32,397 - app.models.xgboost_model - INFO - XGBoost training complete.
2026-05-06 14:58:33,236 - app.services.trainer - INFO - [Karnataka] XGBoost metrics: {'MAE': 471.7391444614955, 'RMSE': 848.8350758349752, 'MAPE': 939684012276.8351, 'preds': array([5351.4233, 5402.225 , 5596.3345, 5629.118 , 5376.056 , 5359.626 ,
       5388.297 , 4947.403 , 5304.935 , 5639.0234, 5665.9727, 5292.211 ,
       5389.322 , 5304.1265, 5066.16  , 5046.1606, 5635.054 , 5636.3774,
       5341.816 , 5327.    , 5309.92  , 5262.2305, 5135.0957, 5623.2554,
       5641.5234, 4869.4717, 5237.5396, 5281.1406, 5051.429 , 5126.2534,
       5084.2974, 4955.8906, 3479.9575, 5063.737 , 5124.7007, 4882.4673,
       4821.996 , 5384.2104, 5466.6885, 5186.8467, 5079.2773, 5112.5654,
       4906.34  , 5162.1504, 5267.9365, 5363.2417, 4986.604 , 5070.164 ,
       5072.0874, 5087.75  , 5126.368 , 5504.436 , 5365.4116, 4953.1807,
       5060.957 , 5093.869 ], dtype=float32)}
2026-05-06 14:58:33,236 - app.services.trainer - INFO - [Karnataka] Training LSTM...
2026-05-06 14:58:33,236 - app.models.lstm_model - INFO - Training LSTM model...
2026-05-06 14:58:42,030 - app.models.lstm_model - INFO - LSTM training complete.
2026-05-06 14:58:45,236 - app.services.trainer - INFO - [Karnataka] LSTM metrics: {'MAE': 1015.5387865900993, 'RMSE': 1169.709615779598, 'MAPE': 832884731590.8959, 'preds': array([5066.17790937, 5056.62003744, 5042.7216332 , 5024.81057096,
       5005.24988008, 4983.66605973, 4960.73218954, 4938.34300804,
       4916.03552985, 4894.02798414, 4872.82756805, 4851.11429572,
       4828.99427533, 4808.04568934, 4788.87052488, 4769.59738719,
       4750.50286496, 4732.19884872, 4714.38222277, 4696.6076864 ,
       4679.75169325, 4664.15449691, 4648.42218947, 4633.3714503 ,
       4618.67581987, 4604.85876524, 4591.02968502, 4577.34420455,
       4564.66533709, 4552.52337706, 4540.74961245, 4530.08184886,
       4519.70234585, 4509.63126397, 4499.88239729, 4490.4568069 ,
       4481.35732234, 4472.58040667, 4464.11686385, 4455.95785153,
       4448.09629583, 4440.52017117, 4433.22311103, 4426.19698048,
       4419.43258345, 4412.91612589, 4406.64053392, 4400.59944105,
       4394.78294384, 4389.18396842, 4383.79508722, 4378.60710418,
       4373.61153066, 4368.80235386, 4364.1724999 , 4359.71630967])}
2026-05-06 14:58:45,238 - app.services.trainer - INFO - [Karnataka] Best model selected: Prophet with metrics {'MAE': 231.62687437678116, 'RMSE': 749.0061300627615, 'MAPE': 977017639490.5267, 'preds': array([5364.00414292, 5384.31095967, 5765.32894166, 5799.56042359,
       5355.48911519, 5531.53050811, 5568.83294016, 5484.90315728,
       5500.60459408, 5874.55794236, 5899.44889143, 5444.00321397,
       5606.9302918 , 5629.71589464, 5530.23829509, 5529.7562158 ,
       5887.29847815, 5895.96055128, 5424.86849725, 5573.11172484,
       5582.52567152, 5471.29878115, 5460.95252871, 5810.72457917,
       5813.86045403, 5283.23288165, 5486.98044006, 5497.87626745,
       5390.35178281, 5385.77347328, 5743.17306376, 5755.54613849,
       5291.82106008, 5450.79941747, 5473.94886181, 5427.93015598,
       5387.05227063, 5756.74875152, 5780.80762516, 5327.88759898,
       5496.55796283, 5528.09736579, 5440.11754579, 5397.63199576,
       5827.09690434, 5853.43595552, 5401.29796615, 5569.35960921,
       5599.04729633, 5508.15449969, 5517.83121807, 5886.97540989,
       5908.53154437, 5451.45671841, 5614.65570567, 5639.76601336])}
2026-05-06 14:58:45,568 - app.utils.helpers - INFO - Model registry updated for state: Karnataka
2026-05-06 14:58:45,572 - app.services.trainer - INFO - Starting training for state: Maharashtra
2026-05-06 14:58:45,573 - app.services.trainer - INFO - [Maharashtra] Training SARIMA...
2026-05-06 14:58:45,573 - app.models.sarima_model - INFO - Training SARIMA model...
2026-05-06 14:59:54,688 - app.models.sarima_model - INFO - SARIMA training complete.
2026-05-06 14:59:54,747 - app.services.trainer - INFO - [Maharashtra] SARIMA metrics: {'MAE': 158.6456564732833, 'RMSE': 196.2887365195736, 'MAPE': 0.06829666573357288, 'preds': array([2104.68701653, 2236.37412471, 2310.2106298 , 2322.93389832,
       2302.70911586, 2227.55966442, 2166.90924334, 2183.55960323,
       2225.25168423, 2247.04870144, 2276.81605817, 2251.5146108 ,
       2222.91450986, 2190.5479196 , 2230.75393614, 2243.69068   ,
       2231.49979041, 2241.58716072, 2234.25489625, 2238.74763601,
       2236.78066715, 2236.76636449, 2238.13115324, 2236.02306098,
       2238.36279692, 2236.17095719, 2237.97518117, 2236.67150287,
       2237.46301824, 2237.12461065, 2237.10948079, 2237.36394594,
       2236.97939865, 2237.40244197, 2237.00845138, 2237.33108222,
       2237.09935563, 2237.23872665, 2237.18062284, 2237.17565681,
       2237.22302293, 2237.15291069, 2237.22937891, 2237.15857341,
       2237.2162532 , 2237.17507645, 2237.1996033 , 2237.18964899,
       2237.18835461, 2237.19715772, 2237.18438072, 2237.1981991 ,
       2237.18547718, 2237.19578682, 2237.18847211, 2237.19278589])}
2026-05-06 14:59:54,750 - app.services.trainer - INFO - [Maharashtra] Training Prophet...
2026-05-06 14:59:54,750 - app.models.prophet_model - INFO - Training Prophet model...
2026-05-06 14:59:55,364 - app.models.prophet_model - INFO - Prophet training complete.
2026-05-06 14:59:55,618 - app.services.trainer - INFO - [Maharashtra] Prophet metrics: {'MAE': 129.25630189308964, 'RMSE': 150.03228284497544, 'MAPE': 0.05715321218122434, 'preds': array([2208.2582641 , 2213.65196467, 2536.650257  , 2520.270066  ,
       2221.47171005, 2244.85872248, 2239.01895502, 2198.96426819,
       2202.75263574, 2524.36451514, 2506.84068529, 2207.16317751,
       2229.95421243, 2223.81644185, 2183.77183754, 2187.88309043,
       2510.12940596, 2493.54392695, 2195.09443529, 2219.38226447,
       2214.98273434, 2176.88445506, 2183.11136082, 2507.59934795,
       2493.33473004, 2131.60750789, 2223.85474293, 2221.71613739,
       2185.76107338, 2193.96897562, 2520.23599329, 2507.51477465,
       2212.69753905, 2240.31730074, 2238.89047708, 2297.72791448,
       2211.70977282, 2537.86111572, 2524.79362929, 2229.43678023,
       2256.36823974, 2254.15517355, 2217.79393516, 2443.42618171,
       2550.74392302, 2537.06875071, 2241.29015776, 2268.03460625,
       2265.9106259 , 2229.94665454, 2238.2113187 , 2564.68806884,
       2552.4114315 , 2258.34656178, 2287.08706031, 2287.19439865])}
2026-05-06 14:59:55,618 - app.services.trainer - INFO - [Maharashtra] Training XGBoost...
2026-05-06 14:59:55,618 - app.models.xgboost_model - INFO - Training XGBoost model...
2026-05-06 14:59:55,718 - app.models.xgboost_model - INFO - XGBoost training complete.
2026-05-06 14:59:56,620 - app.services.trainer - INFO - [Maharashtra] XGBoost metrics: {'MAE': 161.8263179234096, 'RMSE': 189.88083719609227, 'MAPE': 0.06947443936168811, 'preds': array([2174.6426, 2049.6697, 2396.8   , 2375.5747, 2117.2087, 2065.447 ,
       2079.7012, 2011.4908, 2114.1917, 2446.9553, 2463.6008, 2190.5151,
       2169.6882, 2096.504 , 2094.7961, 2129.6804, 2473.244 , 2461.685 ,
       2073.9446, 2014.5138, 2120.1907, 2091.6836, 2086.341 , 2351.0366,
       2447.7817, 2189.4343, 2103.0266, 2073.0593, 2121.765 , 2049.0732,
       2450.0625, 2459.8586, 2093.44  , 2109.2632, 2177.6477, 2207.0178,
       2157.467 , 2477.0068, 2454.4932, 2096.8147, 2063.6235, 2103.8967,
       2105.6633, 2182.7927, 2401.7957, 2436.4216, 2102.3862, 2103.0923,
       2148.5728, 2039.8842, 2132.2632, 2462.5703, 2460.2063, 2094.9922,
       2065.5857, 2152.2114], dtype=float32)}
2026-05-06 14:59:56,620 - app.services.trainer - INFO - [Maharashtra] Training LSTM...
2026-05-06 14:59:56,620 - app.models.lstm_model - INFO - Training LSTM model...
2026-05-06 15:00:09,358 - app.models.lstm_model - INFO - LSTM training complete.
2026-05-06 15:00:14,927 - app.services.trainer - INFO - [Maharashtra] LSTM metrics: {'MAE': 332.35217245242427, 'RMSE': 391.645507958096, 'MAPE': 0.1391652436386085, 'preds': array([2131.25560355, 2125.66919035, 2119.27183318, 2112.08628237,
       2103.80129421, 2093.89119112, 2085.12425119, 2076.47170824,
       2067.3854571 , 2058.872159  , 2050.48842478, 2042.81059581,
       2033.82696313, 2025.41999453, 2018.30382413, 2010.98064196,
       2003.88464028, 1997.41967756, 1990.63556498, 1983.26220304,
       1976.92083424, 1970.7585637 , 1964.89011109, 1959.20575857,
       1954.70958579, 1950.00059265, 1944.47436291, 1939.22920448,
       1934.43824565, 1930.33689576, 1926.76735473, 1922.93094116,
       1919.22296202, 1915.64648294, 1912.20231068, 1908.88996118,
       1905.71007985, 1902.65621269, 1899.72658485, 1896.9158718 ,
       1894.21923304, 1891.63247347, 1889.15059125, 1886.77310234,
       1884.49468219, 1882.30903816, 1880.2140727 , 1878.20542938,
       1876.27923578, 1874.43355572, 1872.66629165, 1870.97276443,
       1869.34990841, 1867.7944966 , 1866.30443144, 1864.8743884 ])}
2026-05-06 15:00:14,927 - app.services.trainer - INFO - [Maharashtra] Best model selected: Prophet with metrics {'MAE': 129.25630189308964, 'RMSE': 150.03228284497544, 'MAPE': 0.05715321218122434, 'preds': array([2208.2582641 , 2213.65196467, 2536.650257  , 2520.270066  ,
       2221.47171005, 2244.85872248, 2239.01895502, 2198.96426819,
       2202.75263574, 2524.36451514, 2506.84068529, 2207.16317751,
       2229.95421243, 2223.81644185, 2183.77183754, 2187.88309043,
       2510.12940596, 2493.54392695, 2195.09443529, 2219.38226447,
       2214.98273434, 2176.88445506, 2183.11136082, 2507.59934795,
       2493.33473004, 2131.60750789, 2223.85474293, 2221.71613739,
       2185.76107338, 2193.96897562, 2520.23599329, 2507.51477465,
       2212.69753905, 2240.31730074, 2238.89047708, 2297.72791448,
       2211.70977282, 2537.86111572, 2524.79362929, 2229.43678023,
       2256.36823974, 2254.15517355, 2217.79393516, 2443.42618171,
       2550.74392302, 2537.06875071, 2241.29015776, 2268.03460625,
       2265.9106259 , 2229.94665454, 2238.2113187 , 2564.68806884,
       2552.4114315 , 2258.34656178, 2287.08706031, 2287.19439865])}
2026-05-06 15:00:15,685 - app.utils.helpers - INFO - Model registry updated for state: Maharashtra
2026-05-06 15:00:15,695 - app.services.trainer - INFO - Starting training for state: Tamil Nadu
2026-05-06 15:00:15,695 - app.services.trainer - INFO - [Tamil Nadu] Training SARIMA...
2026-05-06 15:00:15,696 - app.models.sarima_model - INFO - Training SARIMA model...
2026-05-06 15:01:19,475 - app.models.sarima_model - INFO - SARIMA training complete.
2026-05-06 15:01:19,501 - app.services.trainer - INFO - [Tamil Nadu] SARIMA metrics: {'MAE': 256.9324312472424, 'RMSE': 545.7414130944198, 'MAPE': 650151326345.2151, 'preds': array([3644.66117646, 3647.74626439, 3704.54876229, 3717.08489048,
       3674.24898517, 3629.17042187, 3633.09798047, 3660.95374188,
       3640.03322658, 3675.7378223 , 3684.74906414, 3661.08776233,
       3638.4169306 , 3629.00012753, 3643.3499646 , 3641.24463901,
       3649.6550923 , 3651.63805428, 3645.66141986, 3639.62173525,
       3638.8711339 , 3642.64146701, 3640.78177287, 3644.49560063,
       3645.41725146, 3642.9109369 , 3640.47443023, 3639.65942511,
       3641.1957554 , 3640.82391763, 3641.89293424, 3642.15013893,
       3641.40535936, 3640.66351027, 3640.51390714, 3640.9787305 ,
       3640.79271623, 3641.20077744, 3641.30113815, 3641.02313762,
       3640.75088361, 3640.67086011, 3640.84219859, 3640.79249021,
       3640.9211966 , 3640.95240777, 3640.86344398, 3640.77535172,
       3640.75477135, 3640.81005187, 3640.7900432 , 3640.83613997,
       3640.84742753, 3640.81587968, 3640.78487551, 3640.77635791])}
2026-05-06 15:01:19,501 - app.services.trainer - INFO - [Tamil Nadu] Training Prophet...
2026-05-06 15:01:19,505 - app.models.prophet_model - INFO - Training Prophet model...
2026-05-06 15:01:20,012 - app.models.prophet_model - INFO - Prophet training complete.
2026-05-06 15:01:20,208 - app.services.trainer - INFO - [Tamil Nadu] Prophet metrics: {'MAE': 206.86450789033475, 'RMSE': 556.0308604258441, 'MAPE': 705121287487.8739, 'preds': array([3697.19136865, 3671.62591486, 3993.0151623 , 3990.12463782,
       3655.7957021 , 3689.94234299, 3691.4863615 , 3694.81373175,
       3668.1069533 , 3988.83425165, 3985.70455902, 3651.49152024,
       3686.03242638, 3688.16576297, 3692.19009841, 3666.19907099,
       3987.57326766, 3984.93786287, 3650.98919789, 3685.49614092,
       3687.23985464, 3690.47464102, 3663.26457112, 3982.97664885,
       3978.23934037, 3630.2260639 , 3673.37436313, 3671.88967506,
       3671.64087353, 3640.777796  , 3956.76623038, 3948.34432186,
       3608.34715003, 3636.70534619, 3632.38142494, 3746.56603383,
       3597.31262154, 3912.42022881, 3903.99190585, 3564.95346044,
       3595.30962213, 3594.07765809, 3595.74177489, 3418.74064251,
       3890.16655453, 3889.29237241, 3558.81762832, 3598.65169546,
       3607.69063009, 3620.27288034, 3604.51122126, 3937.78179521,
       3948.67920993, 3629.84095615, 3680.94705994, 3700.65866501])}
2026-05-06 15:01:20,208 - app.services.trainer - INFO - [Tamil Nadu] Training XGBoost...
2026-05-06 15:01:20,208 - app.models.xgboost_model - INFO - Training XGBoost model...
2026-05-06 15:01:20,298 - app.models.xgboost_model - INFO - XGBoost training complete.
2026-05-06 15:01:21,184 - app.services.trainer - INFO - [Tamil Nadu] XGBoost metrics: {'MAE': 1187.0059705461774, 'RMSE': 1336.697709463593, 'MAPE': 590560913086.2157, 'preds': array([3616.0955, 3546.9004, 3626.2751, 3555.1328, 3605.1636, 3513.6685,
       3423.8064, 3348.4148, 2004.9038, 2333.338 , 3251.8115, 2654.0034,
       2565.282 , 2369.601 , 2320.6338, 2375.123 , 3175.8845, 2752.5344,
       2178.242 , 1053.1698, 2472.431 , 2474.0732, 2500.1296, 3213.9927,
       3114.468 , 1143.8134, 1028.0651, 2492.7651, 2461.3323, 2508.0742,
       3130.5198, 3175.8513, 2468.256 , 2478.9207, 2448.121 , 2388.4631,
       2480.0198, 3238.2405, 3171.188 , 2428.5562, 2468.0964, 2447.779 ,
       2441.4773, 2429.1313, 3154.9438, 3207.8828, 2478.278 , 2438.857 ,
       2444.7917, 2438.49  , 2464.4043, 3206.272 , 3307.141 , 2442.3738,
       2451.9722, 2444.7917], dtype=float32)}
2026-05-06 15:01:21,184 - app.services.trainer - INFO - [Tamil Nadu] Training LSTM...
2026-05-06 15:01:21,185 - app.models.lstm_model - INFO - Training LSTM model...
2026-05-06 15:01:29,819 - app.models.lstm_model - INFO - LSTM training complete.
2026-05-06 15:01:32,745 - app.services.trainer - INFO - [Tamil Nadu] LSTM metrics: {'MAE': 557.1927371259246, 'RMSE': 692.0507908098652, 'MAPE': 568591492910.5814, 'preds': array([3550.65800697, 3542.38832122, 3532.64532357, 3521.09283376,
       3508.26664686, 3495.04521763, 3481.86191708, 3469.33627385,
       3456.71867323, 3444.95585269, 3432.63281476, 3421.19321573,
       3409.74140555, 3398.75262201, 3388.50572777, 3378.09236324,
       3368.2466923 , 3359.26203161, 3349.9960162 , 3340.70034516,
       3331.78870213, 3323.62891668, 3316.23369837, 3308.63562554,
       3301.02035743, 3294.22149152, 3286.91723377, 3279.74829543,
       3273.36460841, 3267.63832951, 3262.31975329, 3257.05251372,
       3251.96993655, 3247.07376623, 3242.36724246, 3237.84687632,
       3233.50917894, 3229.34841853, 3225.3571189 , 3221.53054512,
       3217.86097175, 3214.34391308, 3210.9721421 , 3207.74192071,
       3204.6460219 , 3201.67846471, 3198.83576024, 3196.11192751,
       3193.50048715, 3190.9994455 , 3188.60406762, 3186.30961859,
       3184.1123603 , 3182.00581336, 3179.98798412, 3178.05563289])}
2026-05-06 15:01:32,745 - app.services.trainer - INFO - [Tamil Nadu] Best model selected: SARIMA with metrics {'MAE': 256.9324312472424, 'RMSE': 545.7414130944198, 'MAPE': 650151326345.2151, 'preds': array([3644.66117646, 3647.74626439, 3704.54876229, 3717.08489048,
       3674.24898517, 3629.17042187, 3633.09798047, 3660.95374188,
       3640.03322658, 3675.7378223 , 3684.74906414, 3661.08776233,
       3638.4169306 , 3629.00012753, 3643.3499646 , 3641.24463901,
       3649.6550923 , 3651.63805428, 3645.66141986, 3639.62173525,
       3638.8711339 , 3642.64146701, 3640.78177287, 3644.49560063,
       3645.41725146, 3642.9109369 , 3640.47443023, 3639.65942511,
       3641.1957554 , 3640.82391763, 3641.89293424, 3642.15013893,
       3641.40535936, 3640.66351027, 3640.51390714, 3640.9787305 ,
       3640.79271623, 3641.20077744, 3641.30113815, 3641.02313762,
       3640.75088361, 3640.67086011, 3640.84219859, 3640.79249021,
       3640.9211966 , 3640.95240777, 3640.86344398, 3640.77535172,
       3640.75477135, 3640.81005187, 3640.7900432 , 3640.83613997,
       3640.84742753, 3640.81587968, 3640.78487551, 3640.77635791])}
2026-05-06 15:01:33,112 - app.utils.helpers - INFO - Model registry updated for state: Tamil Nadu
2026-05-06 15:01:33,117 - app.services.trainer - INFO - Starting training for state: Telangana
2026-05-06 15:01:33,117 - app.services.trainer - INFO - [Telangana] Training SARIMA...
2026-05-06 15:01:33,117 - app.models.sarima_model - INFO - Training SARIMA model...
2026-05-06 15:01:42,829 - app.models.sarima_model - INFO - SARIMA training complete.
2026-05-06 15:01:42,835 - app.services.trainer - INFO - [Telangana] SARIMA metrics: {'MAE': 228.7517933319061, 'RMSE': 282.7575623239969, 'MAPE': 0.048691198657216814, 'preds': array([4372.66331911, 4372.66331911, 4372.66331911, 4372.66331911,
       4372.66331911, 4372.66331911, 4372.66331911, 4372.66331911,
       4372.66331911, 4372.66331911, 4372.66331911, 4372.66331911,
       4372.66331911, 4372.66331911, 4372.66331911, 4372.66331911,
       4372.66331911, 4372.66331911, 4372.66331911, 4372.66331911,
       4372.66331911, 4372.66331911, 4372.66331911, 4372.66331911,
       4372.66331911, 4372.66331911, 4372.66331911, 4372.66331911,
       4372.66331911, 4372.66331911, 4372.66331911, 4372.66331911,
       4372.66331911, 4372.66331911, 4372.66331911, 4372.66331911,
       4372.66331911, 4372.66331911, 4372.66331911, 4372.66331911,
       4372.66331911, 4372.66331911, 4372.66331911, 4372.66331911,
       4372.66331911, 4372.66331911, 4372.66331911, 4372.66331911,
       4372.66331911, 4372.66331911, 4372.66331911, 4372.66331911,
       4372.66331911, 4372.66331911, 4372.66331911, 4372.66331911])}
2026-05-06 15:01:42,835 - app.services.trainer - INFO - [Telangana] Training Prophet...
2026-05-06 15:01:42,835 - app.models.prophet_model - INFO - Training Prophet model...
2026-05-06 15:01:43,136 - app.models.prophet_model - INFO - Prophet training complete.
2026-05-06 15:01:43,267 - app.services.trainer - INFO - [Telangana] Prophet metrics: {'MAE': 148.5197179445839, 'RMSE': 181.1494879672839, 'MAPE': 0.032231665173257755, 'preds': array([4267.88460766, 4292.45687639, 4693.78240748, 4581.7193279 ,
       4314.4292254 , 4342.7915534 , 4405.64985467, 4330.64238929,
       4353.38544324, 4751.18554303, 4634.07068187, 4360.41468433,
       4381.34458062, 4435.97887978, 4352.24957368, 4366.07641163,
       4755.06994336, 4629.55370838, 4348.17996403, 4362.32907334,
       4411.3406693 , 4323.32962558, 4334.35553742, 4722.12233447,
       4596.99848546, 4317.07947412, 4335.3519135 , 4389.39960075,
       4307.75071918, 4326.28848643, 4722.50946559, 4606.55054773,
       4336.81156676, 4364.36342401, 4428.18954329, 4289.833156  ,
       4383.48008559, 4787.8692488 , 4679.12761942, 4415.49700097,
       4447.92635264, 4515.31604252, 4445.34684008, 4610.64258525,
       4877.57833279, 4767.11741395, 4500.6293239 , 4529.20051096,
       4591.89260787, 4516.56535379, 4539.05207971, 4936.86421736,
       4820.21516845, 4547.63788318, 4570.38622411, 4627.66818728])}
2026-05-06 15:01:43,267 - app.services.trainer - INFO - [Telangana] Training XGBoost...
2026-05-06 15:01:43,268 - app.models.xgboost_model - INFO - Training XGBoost model...
2026-05-06 15:01:43,338 - app.models.xgboost_model - INFO - XGBoost training complete.
2026-05-06 15:01:44,223 - app.services.trainer - INFO - [Telangana] XGBoost metrics: {'MAE': 391.20714896065846, 'RMSE': 453.6315967091257, 'MAPE': 0.08467222500756577, 'preds': array([4363.5137, 4231.87  , 4690.996 , 4190.6353, 4320.61  , 4283.6064,
       4301.1123, 4268.6846, 4342.42  , 4568.06  , 4560.006 , 4323.644 ,
       4275.72  , 4304.502 , 4296.655 , 3475.0134, 4497.6177, 3804.074 ,
       4094.196 , 4249.7065, 4236.8027, 4002.6135, 4027.1782, 4420.618 ,
       4059.535 , 4124.9043, 4031.0527, 4081.173 , 4139.5635, 4135.7036,
       4423.6904, 4412.259 , 3980.3293, 4085.6096, 4181.4526, 3946.1704,
       4085.9214, 4418.896 , 4444.488 , 4154.006 , 4088.4993, 3967.4702,
       4137.6274, 4039.5007, 4369.252 , 4421.4805, 3894.3857, 3984.4272,
       4022.0798, 3954.5771, 4048.2046, 4309.9   , 4380.153 , 3834.2878,
       3935.3472, 3992.285 ], dtype=float32)}
2026-05-06 15:01:44,224 - app.services.trainer - INFO - [Telangana] Training LSTM...
2026-05-06 15:01:44,224 - app.models.lstm_model - INFO - Training LSTM model...
2026-05-06 15:01:52,336 - app.models.lstm_model - INFO - LSTM training complete.
2026-05-06 15:01:55,274 - app.services.trainer - INFO - [Telangana] LSTM metrics: {'MAE': 771.8784838574273, 'RMSE': 821.1799011567938, 'MAPE': 0.16704478955039223, 'preds': array([4101.71207166, 4093.54598451, 4082.32686448, 4069.71191883,
       4054.66815305, 4038.50426555, 4021.57950687, 4005.16856003,
       3988.29750991, 3972.55851674, 3956.45251513, 3940.76544023,
       3924.81817722, 3909.15855336, 3895.98682904, 3882.39916182,
       3869.37245059, 3856.45136619, 3842.76941061, 3827.95539808,
       3814.89168763, 3817.35750699, 3805.5487864 , 3794.59224153,
       3783.71088862, 3774.43542147, 3763.02414417, 3751.9912138 ,
       3743.18897867, 3735.25025773, 3727.47564626, 3720.89873552,
       3714.49369216, 3708.28737044, 3702.28991532, 3696.51326203,
       3690.95920086, 3685.62892532, 3680.51706457, 3675.61884451,
       3670.92770076, 3666.43826246, 3662.14217496, 3658.03466415,
       3654.10737538, 3650.35493779, 3646.76362586, 3643.32806873,
       3640.0452826 , 3636.90989661, 3633.92370105, 3631.07356715,
       3628.30578637, 3625.66750288, 3623.1521523 , 3620.75376701])}
2026-05-06 15:01:55,278 - app.services.trainer - INFO - [Telangana] Best model selected: Prophet with metrics {'MAE': 148.5197179445839, 'RMSE': 181.1494879672839, 'MAPE': 0.032231665173257755, 'preds': array([4267.88460766, 4292.45687639, 4693.78240748, 4581.7193279 ,
       4314.4292254 , 4342.7915534 , 4405.64985467, 4330.64238929,
       4353.38544324, 4751.18554303, 4634.07068187, 4360.41468433,
       4381.34458062, 4435.97887978, 4352.24957368, 4366.07641163,
       4755.06994336, 4629.55370838, 4348.17996403, 4362.32907334,
       4411.3406693 , 4323.32962558, 4334.35553742, 4722.12233447,
       4596.99848546, 4317.07947412, 4335.3519135 , 4389.39960075,
       4307.75071918, 4326.28848643, 4722.50946559, 4606.55054773,
       4336.81156676, 4364.36342401, 4428.18954329, 4289.833156  ,
       4383.48008559, 4787.8692488 , 4679.12761942, 4415.49700097,
       4447.92635264, 4515.31604252, 4445.34684008, 4610.64258525,
       4877.57833279, 4767.11741395, 4500.6293239 , 4529.20051096,
       4591.89260787, 4516.56535379, 4539.05207971, 4936.86421736,
       4820.21516845, 4547.63788318, 4570.38622411, 4627.66818728])}
2026-05-06 15:01:55,602 - app.utils.helpers - INFO - Model registry updated for state: Telangana
2026-05-06 15:01:55,602 - app.services.trainer - INFO - Training pipeline finished successfully
2026-05-06 15:05:07,364 - app.services.forecasting - INFO - Loading Prophet for Karnataka from saved_models/Karnataka/prophet_model
2026-05-06 15:32:06,314 - app.services.preprocessing - INFO - Loading data from data\uploads\time_series_sales_dataset.xlsx
2026-05-06 15:32:09,495 - app.services.preprocessing - INFO - Processing data for states: <StringArray>
['Delhi', 'Karnataka', 'Maharashtra', 'Tamil Nadu', 'Telangana']
Length: 5, dtype: str
2026-05-06 15:32:09,597 - app.services.preprocessing - INFO - Preprocessing completed successfully.
2026-05-06 15:32:09,600 - app.services.feature_engineering - INFO - Starting feature engineering...
2026-05-06 15:32:11,782 - app.services.feature_engineering - INFO - Feature engineering completed.
2026-05-06 15:32:11,792 - app.services.trainer - INFO - Starting training for state: Delhi
2026-05-06 15:32:11,797 - app.services.trainer - INFO - [Delhi] Training SARIMA...
2026-05-06 15:32:11,797 - app.models.sarima_model - INFO - Training SARIMA model...
2026-05-06 15:34:21,478 - app.services.forecasting - INFO - Loading Prophet for Karnataka from saved_models/Karnataka/prophet_model
2026-05-06 15:34:26,983 - app.models.sarima_model - INFO - SARIMA training complete.
2026-05-06 15:34:27,110 - app.services.trainer - INFO - [Delhi] SARIMA metrics: {'MAE': 307.4854099976888, 'RMSE': 596.2296216233735, 'MAPE': 704727349616.3564, 'preds': array([3949.19206416, 3982.98090014, 4006.90702797, 3964.5097546 ,
       3941.45593927, 3969.62556383, 3922.41120718, 3945.37407059,
       3953.40088017, 3959.30392385, 3946.47315785, 3925.09175985,
       3942.83101827, 3922.35900798, 3928.39988438, 3926.90095435,
       3925.50702126, 3924.21073029, 3923.00524182, 3921.88419532,
       3920.84167581, 3919.87218262, 3918.97060042, 3918.13217219,
       3917.35247412, 3916.62739228, 3915.95310092, 3915.32604227,
       3914.74290778, 3914.20062066, 3913.69631962, 3913.22734382,
       3912.79121881, 3912.38564345, 3912.00847781, 3911.65773183,
       3911.33155489, 3911.02822596, 3910.7461446 , 3910.48382245,
       3910.23987542, 3910.01301638, 3909.80204834, 3909.60585818,
       3909.42341073, 3909.25374335, 3909.09596081, 3908.94923062,
       3908.81277857, 3908.6858847 , 3908.56787949, 3908.45814029,
       3908.3560881 , 3908.26118446, 3908.17292862, 3908.09085491])}
2026-05-06 15:34:27,114 - app.services.trainer - INFO - [Delhi] Training Prophet...
2026-05-06 15:34:27,116 - app.models.prophet_model - INFO - Training Prophet model...
2026-05-06 15:34:30,842 - app.models.prophet_model - INFO - Prophet training complete.
2026-05-06 15:34:32,056 - app.services.trainer - INFO - [Delhi] Prophet metrics: {'MAE': 222.5001278380719, 'RMSE': 596.4721663643468, 'MAPE': 766090759170.0232, 'preds': array([3875.27764857, 3935.37652864, 4170.63920682, 4250.89971308,
       3958.33049292, 3986.81497899, 3955.74196891, 3929.83027843,
       3985.22341473, 4215.30526479, 4290.10825135, 3992.004959  ,
       4015.07399338, 3978.88789209, 3948.33176668, 3999.69261513,
       4226.47047244, 4298.78299714, 3999.05461022, 4021.38102695,
       3985.31704073, 3955.69623889, 4008.72255135, 4237.78472333,
       4312.86519776, 4017.40396522, 4041.8209487 , 4009.00589342,
       3982.448723  , 4038.18555286, 4269.44992534, 4346.08763772,
       4050.25634457, 4075.80041762, 4042.04856661, 4039.10861134,
       4066.63663108, 4294.31837825, 4366.62241252, 4065.8275384 ,
       4085.92801541, 4046.42650422, 4012.1571741 , 4082.0521471 ,
       4281.58834116, 4348.928016  , 4043.87431836, 4060.60233768,
       4018.77168258, 3983.34323255, 4030.66661726, 4254.28962752,
       4324.3611944 , 4023.31909346, 4045.25325568, 4009.69258496])}
2026-05-06 15:34:32,058 - app.services.trainer - INFO - [Delhi] Training XGBoost...
2026-05-06 15:34:32,060 - app.models.xgboost_model - INFO - Training XGBoost model...
2026-05-06 15:34:32,794 - app.models.xgboost_model - INFO - XGBoost training complete.
2026-05-06 15:34:36,005 - app.services.trainer - INFO - [Delhi] XGBoost metrics: {'MAE': 275.4766845703125, 'RMSE': 606.4941360230379, 'MAPE': 748503853934.1815, 'preds': array([3866.611 , 3879.2341, 4122.839 , 4063.5942, 3922.4924, 3904.9368,
       3870.1523, 3950.4143, 3970.2114, 4186.1177, 4191.6216, 3842.2551,
       3884.2378, 3913.5537, 3877.296 , 3959.0818, 4111.0015, 4164.5547,
       3918.032 , 3891.2834, 3888.0952, 3924.469 , 3994.3916, 4146.556 ,
       4073.7632, 3853.977 , 3891.3398, 3871.7104, 3916.4849, 3926.1572,
       4113.2163, 4094.3806, 3883.8198, 3899.2551, 3901.4358, 3869.9556,
       3917.0723, 4124.8955, 4127.513 , 3874.5212, 3874.2585, 3826.4558,
       3820.61  , 3846.8696, 4211.76  , 4076.0308, 3858.5999, 3894.14  ,
       3999.7207, 4003.4998, 3921.5771, 4097.8364, 4128.2173, 3883.4724,
       3848.4426, 3965.313 ], dtype=float32)}
2026-05-06 15:34:36,005 - app.services.trainer - INFO - [Delhi] Training LSTM...
2026-05-06 15:34:36,008 - app.models.lstm_model - INFO - Training LSTM model...
2026-05-06 15:35:16,995 - app.models.lstm_model - INFO - LSTM training complete.
2026-05-06 15:35:23,864 - app.services.trainer - INFO - [Delhi] LSTM metrics: {'MAE': 664.2285291211946, 'RMSE': 808.835235425128, 'MAPE': 653370277285.7013, 'preds': array([3779.90901661, 3773.52400398, 3764.43194008, 3753.23245811,
       3740.03709936, 3726.45648813, 3712.12013865, 3698.91212273,
       3685.22234344, 3671.89329338, 3658.8735528 , 3646.36537266,
       3633.50094604, 3621.33556414, 3610.04880047, 3599.30576754,
       3588.92821026, 3578.93115902, 3568.71155262, 3558.50460339,
       3549.27779341, 3540.37136793, 3531.69989109, 3523.79206324,
       3515.80881977, 3507.85880136, 3500.00924921, 3492.82103395,
       3486.35691404, 3479.6810503 , 3473.74193907, 3468.07152891,
       3462.59440422, 3457.31768465, 3452.24347973, 3447.37126207,
       3442.69523048, 3438.21195698, 3433.91300344, 3429.79256868,
       3425.84511518, 3422.06220484, 3418.43856382, 3414.96865463,
       3411.64509392, 3408.46128941, 3405.41091251, 3402.4892168 ,
       3399.69145584, 3397.0123558 , 3394.44796133, 3391.99141645,
       3389.64008427, 3387.38895464, 3385.23222637, 3383.16752625])}
2026-05-06 15:35:23,864 - app.services.trainer - INFO - [Delhi] Best model selected: SARIMA with metrics {'MAE': 307.4854099976888, 'RMSE': 596.2296216233735, 'MAPE': 704727349616.3564, 'preds': array([3949.19206416, 3982.98090014, 4006.90702797, 3964.5097546 ,
       3941.45593927, 3969.62556383, 3922.41120718, 3945.37407059,
       3953.40088017, 3959.30392385, 3946.47315785, 3925.09175985,
       3942.83101827, 3922.35900798, 3928.39988438, 3926.90095435,
       3925.50702126, 3924.21073029, 3923.00524182, 3921.88419532,
       3920.84167581, 3919.87218262, 3918.97060042, 3918.13217219,
       3917.35247412, 3916.62739228, 3915.95310092, 3915.32604227,
       3914.74290778, 3914.20062066, 3913.69631962, 3913.22734382,
       3912.79121881, 3912.38564345, 3912.00847781, 3911.65773183,
       3911.33155489, 3911.02822596, 3910.7461446 , 3910.48382245,
       3910.23987542, 3910.01301638, 3909.80204834, 3909.60585818,
       3909.42341073, 3909.25374335, 3909.09596081, 3908.94923062,
       3908.81277857, 3908.6858847 , 3908.56787949, 3908.45814029,
       3908.3560881 , 3908.26118446, 3908.17292862, 3908.09085491])}
2026-05-06 15:35:24,619 - app.utils.helpers - INFO - Model registry updated for state: Delhi
2026-05-06 15:35:24,632 - app.services.trainer - INFO - Starting training for state: Karnataka
2026-05-06 15:35:24,632 - app.services.trainer - INFO - [Karnataka] Training SARIMA...
2026-05-06 15:35:24,635 - app.models.sarima_model - INFO - Training SARIMA model...
2026-05-06 15:37:26,510 - app.models.sarima_model - INFO - SARIMA training complete.
2026-05-06 15:37:26,652 - app.services.trainer - INFO - [Karnataka] SARIMA metrics: {'MAE': 321.0706719132574, 'RMSE': 772.5542739363482, 'MAPE': 959728489093.2811, 'preds': array([5395.95653672, 5378.69622337, 5401.7468896 , 5401.24789388,
       5370.17565645, 5383.97838525, 5380.46904195, 5384.26503878,
       5372.6949682 , 5384.87218485, 5393.09161114, 5378.5654805 ,
       5375.31749305, 5375.65759752, 5375.62198433, 5373.99847862,
       5375.99320195, 5376.39961671, 5373.81076666, 5374.44662035,
       5374.2592083 , 5374.47953892, 5373.71618195, 5374.53475545,
       5375.03745886, 5374.04989075, 5373.89345575, 5373.90343226,
       5373.91302533, 5373.77752674, 5373.93768285, 5373.98811828,
       5373.78422521, 5373.81315659, 5373.80271432, 5373.81612085,
       5373.76425255, 5373.8206601 , 5373.85276135, 5373.78414278,
       5373.77651854, 5373.7765491 , 5373.77782124, 5373.7671401 ,
       5373.77950527, 5373.78415916, 5373.76858644, 5373.76987598,
       5373.76926631, 5373.77011855, 5373.76651608, 5373.77047353,
       5373.77259939, 5373.7677571 , 5373.76737913, 5373.76734861])}
2026-05-06 15:37:26,653 - app.services.trainer - INFO - [Karnataka] Training Prophet...
2026-05-06 15:37:26,655 - app.models.prophet_model - INFO - Training Prophet model...
2026-05-06 15:37:28,275 - app.models.prophet_model - INFO - Prophet training complete.
2026-05-06 15:37:29,059 - app.services.trainer - INFO - [Karnataka] Prophet metrics: {'MAE': 231.62687437678116, 'RMSE': 749.0061300627615, 'MAPE': 977017639490.5267, 'preds': array([5364.00414292, 5384.31095967, 5765.32894166, 5799.56042359,
       5355.48911519, 5531.53050811, 5568.83294016, 5484.90315728,
       5500.60459408, 5874.55794236, 5899.44889143, 5444.00321397,
       5606.9302918 , 5629.71589464, 5530.23829509, 5529.7562158 ,
       5887.29847815, 5895.96055128, 5424.86849725, 5573.11172484,
       5582.52567152, 5471.29878115, 5460.95252871, 5810.72457917,
       5813.86045403, 5283.23288165, 5486.98044006, 5497.87626745,
       5390.35178281, 5385.77347328, 5743.17306376, 5755.54613849,
       5291.82106008, 5450.79941747, 5473.94886181, 5427.93015598,
       5387.05227063, 5756.74875152, 5780.80762516, 5327.88759898,
       5496.55796283, 5528.09736579, 5440.11754579, 5397.63199576,
       5827.09690434, 5853.43595552, 5401.29796615, 5569.35960921,
       5599.04729633, 5508.15449969, 5517.83121807, 5886.97540989,
       5908.53154437, 5451.45671841, 5614.65570567, 5639.76601336])}
2026-05-06 15:37:29,061 - app.services.trainer - INFO - [Karnataka] Training XGBoost...
2026-05-06 15:37:29,063 - app.models.xgboost_model - INFO - Training XGBoost model...
2026-05-06 15:37:29,745 - app.models.xgboost_model - INFO - XGBoost training complete.
2026-05-06 15:37:32,972 - app.services.trainer - INFO - [Karnataka] XGBoost metrics: {'MAE': 471.7391444614955, 'RMSE': 848.8350758349752, 'MAPE': 939684012276.8351, 'preds': array([5351.4233, 5402.225 , 5596.3345, 5629.118 , 5376.056 , 5359.626 ,
       5388.297 , 4947.403 , 5304.935 , 5639.0234, 5665.9727, 5292.211 ,
       5389.322 , 5304.1265, 5066.16  , 5046.1606, 5635.054 , 5636.3774,
       5341.816 , 5327.    , 5309.92  , 5262.2305, 5135.0957, 5623.2554,
       5641.5234, 4869.4717, 5237.5396, 5281.1406, 5051.429 , 5126.2534,
       5084.2974, 4955.8906, 3479.9575, 5063.737 , 5124.7007, 4882.4673,
       4821.996 , 5384.2104, 5466.6885, 5186.8467, 5079.2773, 5112.5654,
       4906.34  , 5162.1504, 5267.9365, 5363.2417, 4986.604 , 5070.164 ,
       5072.0874, 5087.75  , 5126.368 , 5504.436 , 5365.4116, 4953.1807,
       5060.957 , 5093.869 ], dtype=float32)}
2026-05-06 15:37:32,973 - app.services.trainer - INFO - [Karnataka] Training LSTM...
2026-05-06 15:37:32,974 - app.models.lstm_model - INFO - Training LSTM model...
